<?xml version="1.0" encoding="UTF-8"?>
<!-- Generated by org.testng.reporters.JUnitReportReporter -->
<testsuite skipped="0" hostname="DESKTOP-STM380F" name="TestingOne" tests="3" failures="0" timestamp="2020-10-14T17:42:39 EDT" time="24.502" errors="0">
  <testcase name="TestCase3" time="7.472" classname="TestingOne"/>
  <system-out/>
  <testcase name="TestCase1" time="7.504" classname="TestingOne"/>
  <system-out/>
  <testcase name="TestCase2" time="9.526" classname="TestingOne"/>
  <system-out/>
</testsuite> <!-- TestingOne -->
